c:\users\tao\documents\visual studio 2015\projects\cmge\cmge\release\vc140.pdb
c:\users\tao\documents\visual studio 2015\projects\cmge\cmge\release\shader.obj
c:\users\tao\documents\visual studio 2015\projects\cmge\cmge\release\scenemanager.obj
c:\users\tao\documents\visual studio 2015\projects\cmge\cmge\release\renderer.obj
c:\users\tao\documents\visual studio 2015\projects\cmge\cmge\release\mesh.obj
c:\users\tao\documents\visual studio 2015\projects\cmge\cmge\release\material.obj
c:\users\tao\documents\visual studio 2015\projects\cmge\cmge\release\main.obj
c:\users\tao\documents\visual studio 2015\projects\cmge\cmge\release\loadoal.obj
c:\users\tao\documents\visual studio 2015\projects\cmge\cmge\release\framework.obj
c:\users\tao\documents\visual studio 2015\projects\cmge\cmge\release\cwaves.obj
c:\users\tao\documents\visual studio 2015\projects\cmge\cmge\release\cubetexture.obj
c:\users\tao\documents\visual studio 2015\projects\cmge\cmge\release\cmgeinput.obj
c:\users\tao\documents\visual studio 2015\projects\cmge\cmge\release\camera.obj
c:\users\tao\documents\visual studio 2015\projects\cmge\cmge\release\aldlist.obj
c:\users\tao\documents\visual studio 2015\projects\cmge\cmge\release\stb_image.obj
c:\users\tao\documents\visual studio 2015\projects\cmge\release\cmge.exe
c:\users\tao\documents\visual studio 2015\projects\cmge\release\cmge.pdb
c:\users\tao\documents\visual studio 2015\projects\cmge\cmge\release\cmge.tlog\cl.command.1.tlog
c:\users\tao\documents\visual studio 2015\projects\cmge\cmge\release\cmge.tlog\cl.read.1.tlog
c:\users\tao\documents\visual studio 2015\projects\cmge\cmge\release\cmge.tlog\cl.write.1.tlog
c:\users\tao\documents\visual studio 2015\projects\cmge\cmge\release\cmge.tlog\link.command.1.tlog
c:\users\tao\documents\visual studio 2015\projects\cmge\cmge\release\cmge.tlog\link.read.1.tlog
c:\users\tao\documents\visual studio 2015\projects\cmge\cmge\release\cmge.tlog\link.write.1.tlog
